<?xml version="1.0" encoding="UTF-8"?>
<!-- Generated by org.testng.reporters.JUnitXMLReporter -->
<testsuite hostname="Muralis-MacBook-Pro.local" ignored="2" tests="0" failures="0" timestamp="2022-02-20T06:54:43 PST" time="0.014" errors="0">
  <testcase name="CalenderPageValidationTest" time="0.0" classname="com.crm.qa.Testcases.CalenderPageTest">
    <ignored/>
  </testcase> <!-- CalenderPageValidationTest -->
  <testcase name="CalenderCreateBtnTest" time="0.0" classname="com.crm.qa.Testcases.CalenderPageTest">
    <ignored/>
  </testcase> <!-- CalenderCreateBtnTest -->
</testsuite>
