<?xml version="1.0" encoding="UTF-8"?>
<!-- Generated by org.testng.reporters.JUnitXMLReporter -->
<testsuite hostname="Muralis-MacBook-Pro.local" ignored="0" name="Test" tests="2" failures="0" timestamp="2022-02-20T20:12:36 PST" time="37.964" errors="0">
  <testcase name="CalenderCreateBtnTest" time="0.503" classname="com.crm.qa.Testcases.CalenderPageTest"/>
  <testcase name="CalenderPageValidationTest" time="0.133" classname="com.crm.qa.Testcases.CalenderPageTest"/>
</testsuite> <!-- Test -->
