<?xml version="1.0" encoding="UTF-8"?>
<testsuite xmlns:xsi="http://www.w3.org/2001/XMLSchema-instance" xsi:noNamespaceSchemaLocation="https://maven.apache.org/surefire/maven-surefire-plugin/xsd/surefire-test-report-3.0.xsd" version="3.0" name="TestSuite" time="121.34" tests="13" errors="0" skipped="6" failures="2">
  <properties>
[...]
</properties>
  <testcase name="CreateNewEventPageTest" classname="com.crm.qa.Testcases.CreateNewEventTest" time="0">
    <skipped message="java.lang.NullPointerException"/>
    <system-err><![CDATA[SLF4J: Failed to load class "org.slf4j.impl.StaticLoggerBinder".
SLF4J: Defaulting to no-operation (NOP) logger implementation
SLF4J: See http://www.slf4j.org/codes.html#StaticLoggerBinder for further details.
ERROR StatusLogger Log4j2 could not find a logging implementation. Please add log4j-core to the classpath. Using SimpleLogger to log to the console...
]]></system-err>
  </testcase>
  <testcase name="CalenderIconClickTest" classname="com.crm.qa.Testcases.HomePageTest" time="2.74">
    <system-out><![CDATA[Before navigating to: 'https://freecrm.com/'
Navigated to:'https://freecrm.com/'
Trying to find Element By : By.xpath: //a[contains(text(),'Login')]
Found Element By : By.xpath: //a[contains(text(),'Login')]
Trying to find Element By : By.xpath: //a[contains(text(),'Login')]
Found Element By : By.xpath: //a[contains(text(),'Login')]
Trying to click on: [[ChromeDriver: chrome on MAC (e387f97dda422a008874260eab6ad30b)] -> xpath: //a[contains(text(),'Login')]]
Clicked on: [[ChromeDriver: chrome on MAC (e387f97dda422a008874260eab6ad30b)] -> xpath: //a[contains(text(),'Login')]]
Trying to find Element By : By.name: email
Found Element By : By.name: email
Trying to find Element By : By.name: password
Found Element By : By.name: password
Trying to find Element By : By.xpath: //div[@class='ui fluid large blue submit button']
Found Element By : By.xpath: //div[@class='ui fluid large blue submit button']
Trying to find Element By : By.xpath: //div[@class='ui fluid large blue submit button']
Found Element By : By.xpath: //div[@class='ui fluid large blue submit button']
Trying to click on: [[ChromeDriver: chrome on MAC (e387f97dda422a008874260eab6ad30b)] -> xpath: //div[@class='ui fluid large blue submit button']]
Clicked on: [[ChromeDriver: chrome on MAC (e387f97dda422a008874260eab6ad30b)] -> xpath: //div[@class='ui fluid large blue submit button']]
Trying to find Element By : By.xpath: //div[@id='main-nav']//child::div[2]//a//i
Found Element By : By.xpath: //div[@id='main-nav']//child::div[2]//a//i
Trying to find Element By : By.xpath: //div[@id='main-nav']//child::div[2]//a//i
Found Element By : By.xpath: //div[@id='main-nav']//child::div[2]//a//i
Trying to click on: [[ChromeDriver: chrome on MAC (e387f97dda422a008874260eab6ad30b)] -> xpath: //div[@id='main-nav']//child::div[2]//a//i]
Clicked on: [[ChromeDriver: chrome on MAC (e387f97dda422a008874260eab6ad30b)] -> xpath: //div[@id='main-nav']//child::div[2]//a//i]
]]></system-out>
    <system-err><![CDATA[Starting ChromeDriver 97.0.4692.20 (6559bb085abcaedffe35d268b3546c43f755151c-refs/branch-heads/4692@{#186}) on port 50564
Only local connections are allowed.
Please see https://chromedriver.chromium.org/security-considerations for suggestions on keeping ChromeDriver safe.
ChromeDriver was started successfully.
[1645425398.171][WARNING]: This version of ChromeDriver has not been tested with Chrome version 98.
Feb 20, 2022 10:36:38 PM org.openqa.selenium.remote.ProtocolHandshake createSession
INFO: Detected dialect: W3C
Feb 20, 2022 10:36:38 PM org.openqa.selenium.devtools.CdpVersionFinder findNearestMatch
WARNING: Unable to find an exact match for CDP version 98, so returning the closest version found: 97
Feb 20, 2022 10:36:38 PM org.openqa.selenium.devtools.CdpVersionFinder findNearestMatch
INFO: Found CDP implementation for version 98 of 97
]]></system-err>
  </testcase>
  <testcase name="ValidateHomePageTitleTest" classname="com.crm.qa.Testcases.HomePageTest" time="0.002">
    <system-out><![CDATA[Before navigating to: 'https://freecrm.com/'
Navigated to:'https://freecrm.com/'
Trying to find Element By : By.xpath: //a[contains(text(),'Login')]
Found Element By : By.xpath: //a[contains(text(),'Login')]
Trying to find Element By : By.xpath: //a[contains(text(),'Login')]
Found Element By : By.xpath: //a[contains(text(),'Login')]
Trying to click on: [[ChromeDriver: chrome on MAC (530e00dd57d3df94cc5c2c6f6cdbf2f5)] -> xpath: //a[contains(text(),'Login')]]
Clicked on: [[ChromeDriver: chrome on MAC (530e00dd57d3df94cc5c2c6f6cdbf2f5)] -> xpath: //a[contains(text(),'Login')]]
Trying to find Element By : By.name: email
Found Element By : By.name: email
Trying to find Element By : By.name: password
Found Element By : By.name: password
Trying to find Element By : By.xpath: //div[@class='ui fluid large blue submit button']
Found Element By : By.xpath: //div[@class='ui fluid large blue submit button']
Trying to find Element By : By.xpath: //div[@class='ui fluid large blue submit button']
Found Element By : By.xpath: //div[@class='ui fluid large blue submit button']
Trying to click on: [[ChromeDriver: chrome on MAC (530e00dd57d3df94cc5c2c6f6cdbf2f5)] -> xpath: //div[@class='ui fluid large blue submit button']]
Clicked on: [[ChromeDriver: chrome on MAC (530e00dd57d3df94cc5c2c6f6cdbf2f5)] -> xpath: //div[@class='ui fluid large blue submit button']]
]]></system-out>
    <system-err><![CDATA[Starting ChromeDriver 97.0.4692.20 (6559bb085abcaedffe35d268b3546c43f755151c-refs/branch-heads/4692@{#186}) on port 59631
Only local connections are allowed.
Please see https://chromedriver.chromium.org/security-considerations for suggestions on keeping ChromeDriver safe.
ChromeDriver was started successfully.
[1645425413.816][WARNING]: This version of ChromeDriver has not been tested with Chrome version 98.
Feb 20, 2022 10:36:54 PM org.openqa.selenium.remote.ProtocolHandshake createSession
INFO: Detected dialect: W3C
Feb 20, 2022 10:36:54 PM org.openqa.selenium.devtools.CdpVersionFinder findNearestMatch
WARNING: Unable to find an exact match for CDP version 98, so returning the closest version found: 97
Feb 20, 2022 10:36:54 PM org.openqa.selenium.devtools.CdpVersionFinder findNearestMatch
INFO: Found CDP implementation for version 98 of 97
]]></system-err>
  </testcase>
  <testcase name="VerifyUserName" classname="com.crm.qa.Testcases.HomePageTest" time="2.799">
    <system-out><![CDATA[Before navigating to: 'https://freecrm.com/'
Navigated to:'https://freecrm.com/'
Trying to find Element By : By.xpath: //a[contains(text(),'Login')]
Found Element By : By.xpath: //a[contains(text(),'Login')]
Trying to find Element By : By.xpath: //a[contains(text(),'Login')]
Found Element By : By.xpath: //a[contains(text(),'Login')]
Trying to click on: [[ChromeDriver: chrome on MAC (8744abc0c849324da2b751cd8c678abf)] -> xpath: //a[contains(text(),'Login')]]
Clicked on: [[ChromeDriver: chrome on MAC (8744abc0c849324da2b751cd8c678abf)] -> xpath: //a[contains(text(),'Login')]]
Trying to find Element By : By.name: email
Found Element By : By.name: email
Trying to find Element By : By.name: password
Found Element By : By.name: password
Trying to find Element By : By.xpath: //div[@class='ui fluid large blue submit button']
Found Element By : By.xpath: //div[@class='ui fluid large blue submit button']
Trying to find Element By : By.xpath: //div[@class='ui fluid large blue submit button']
Found Element By : By.xpath: //div[@class='ui fluid large blue submit button']
Trying to click on: [[ChromeDriver: chrome on MAC (8744abc0c849324da2b751cd8c678abf)] -> xpath: //div[@class='ui fluid large blue submit button']]
Clicked on: [[ChromeDriver: chrome on MAC (8744abc0c849324da2b751cd8c678abf)] -> xpath: //div[@class='ui fluid large blue submit button']]
Trying to find Element By : By.xpath: //div[@class='right menu']//span
Found Element By : By.xpath: //div[@class='right menu']//span
]]></system-out>
    <system-err><![CDATA[Starting ChromeDriver 97.0.4692.20 (6559bb085abcaedffe35d268b3546c43f755151c-refs/branch-heads/4692@{#186}) on port 54237
Only local connections are allowed.
Please see https://chromedriver.chromium.org/security-considerations for suggestions on keeping ChromeDriver safe.
ChromeDriver was started successfully.
[1645425424.962][WARNING]: This version of ChromeDriver has not been tested with Chrome version 98.
Feb 20, 2022 10:37:05 PM org.openqa.selenium.remote.ProtocolHandshake createSession
INFO: Detected dialect: W3C
Feb 20, 2022 10:37:05 PM org.openqa.selenium.devtools.CdpVersionFinder findNearestMatch
WARNING: Unable to find an exact match for CDP version 98, so returning the closest version found: 97
Feb 20, 2022 10:37:05 PM org.openqa.selenium.devtools.CdpVersionFinder findNearestMatch
INFO: Found CDP implementation for version 98 of 97
]]></system-err>
  </testcase>
  <testcase name="LogInValidation" classname="com.crm.qa.Testcases.LoginPageTest" time="2.638">
    <system-out><![CDATA[Before navigating to: 'https://freecrm.com/'
Navigated to:'https://freecrm.com/'
Trying to find Element By : By.xpath: //a[contains(text(),'Login')]
Found Element By : By.xpath: //a[contains(text(),'Login')]
Trying to find Element By : By.xpath: //a[contains(text(),'Login')]
Found Element By : By.xpath: //a[contains(text(),'Login')]
Trying to click on: [[ChromeDriver: chrome on MAC (0fdbc6cd5406042369f62021b5dcc7d3)] -> xpath: //a[contains(text(),'Login')]]
Clicked on: [[ChromeDriver: chrome on MAC (0fdbc6cd5406042369f62021b5dcc7d3)] -> xpath: //a[contains(text(),'Login')]]
Trying to find Element By : By.name: email
Found Element By : By.name: email
Trying to find Element By : By.name: password
Found Element By : By.name: password
Trying to find Element By : By.xpath: //div[@class='ui fluid large blue submit button']
Found Element By : By.xpath: //div[@class='ui fluid large blue submit button']
Trying to find Element By : By.xpath: //div[@class='ui fluid large blue submit button']
Found Element By : By.xpath: //div[@class='ui fluid large blue submit button']
Trying to click on: [[ChromeDriver: chrome on MAC (0fdbc6cd5406042369f62021b5dcc7d3)] -> xpath: //div[@class='ui fluid large blue submit button']]
Clicked on: [[ChromeDriver: chrome on MAC (0fdbc6cd5406042369f62021b5dcc7d3)] -> xpath: //div[@class='ui fluid large blue submit button']]
]]></system-out>
    <system-err><![CDATA[Starting ChromeDriver 97.0.4692.20 (6559bb085abcaedffe35d268b3546c43f755151c-refs/branch-heads/4692@{#186}) on port 54905
Only local connections are allowed.
Please see https://chromedriver.chromium.org/security-considerations for suggestions on keeping ChromeDriver safe.
ChromeDriver was started successfully.
[1645425438.854][WARNING]: This version of ChromeDriver has not been tested with Chrome version 98.
Feb 20, 2022 10:37:19 PM org.openqa.selenium.remote.ProtocolHandshake createSession
INFO: Detected dialect: W3C
Feb 20, 2022 10:37:19 PM org.openqa.selenium.devtools.CdpVersionFinder findNearestMatch
WARNING: Unable to find an exact match for CDP version 98, so returning the closest version found: 97
Feb 20, 2022 10:37:19 PM org.openqa.selenium.devtools.CdpVersionFinder findNearestMatch
INFO: Found CDP implementation for version 98 of 97
]]></system-err>
  </testcase>
  <testcase name="ValidateWelcomePage" classname="com.crm.qa.Testcases.WelcomePageTest" time="0.08">
    <system-out><![CDATA[Before navigating to: 'https://freecrm.com/'
Navigated to:'https://freecrm.com/'
]]></system-out>
    <system-err><![CDATA[Starting ChromeDriver 97.0.4692.20 (6559bb085abcaedffe35d268b3546c43f755151c-refs/branch-heads/4692@{#186}) on port 65060
Only local connections are allowed.
Please see https://chromedriver.chromium.org/security-considerations for suggestions on keeping ChromeDriver safe.
ChromeDriver was started successfully.
[1645425449.903][WARNING]: This version of ChromeDriver has not been tested with Chrome version 98.
Feb 20, 2022 10:37:30 PM org.openqa.selenium.remote.ProtocolHandshake createSession
INFO: Detected dialect: W3C
Feb 20, 2022 10:37:30 PM org.openqa.selenium.devtools.CdpVersionFinder findNearestMatch
WARNING: Unable to find an exact match for CDP version 98, so returning the closest version found: 97
Feb 20, 2022 10:37:30 PM org.openqa.selenium.devtools.CdpVersionFinder findNearestMatch
INFO: Found CDP implementation for version 98 of 97
]]></system-err>
  </testcase>
  <testcase name="LogInBtnEnabled" classname="com.crm.qa.Testcases.WelcomePageTest" time="7.82">
    <failure message="element click intercepted: Element &lt;a href=&quot;https://ui.freecrm.com/&quot;&gt;...&lt;/a&gt; is not clickable at point (940, 30). Other element would receive the click: &lt;div id=&quot;preloader&quot; style=&quot;opacity: 0.186336;&quot;&gt;...&lt;/div&gt;&#10;  (Session info: chrome=98.0.4758.102)&#10;Build info: version: &apos;4.1.2&apos;, revision: &apos;9a5a329c5a&apos;&#10;System info: host: &apos;Muralis-MacBook-Pro.local&apos;, ip: &apos;2601:1c0:6b01:55e0:0:0:0:93e1%en0&apos;, os.name: &apos;Mac OS X&apos;, os.arch: &apos;x86_64&apos;, os.version: &apos;11.5.2&apos;, java.version: &apos;1.8.0_321&apos;&#10;Driver info: org.openqa.selenium.chrome.ChromeDriver&#10;Command: [493b1a8619c40d07d164ce7c95b7aa19, clickElement {id=ee82324c-fedb-40d9-a92d-0bc6798341b7}]&#10;Capabilities {acceptInsecureCerts: false, browserName: chrome, browserVersion: 98.0.4758.102, chrome: {chromedriverVersion: 97.0.4692.20 (6559bb085abca..., userDataDir: /var/folders/qy/j_86_fn55qn...}, goog:chromeOptions: {debuggerAddress: localhost:52608}, javascriptEnabled: true, networkConnectionEnabled: false, pageLoadStrategy: normal, platform: MAC, platformName: MAC, proxy: Proxy(), se:cdp: ws://localhost:52608/devtoo..., se:cdpVersion: 98.0.4758.102, setWindowRect: true, strictFileInteractability: false, timeouts: {implicit: 0, pageLoad: 300000, script: 30000}, unhandledPromptBehavior: dismiss and notify, webauthn:extension:credBlob: true, webauthn:extension:largeBlob: true, webauthn:virtualAuthenticators: true}&#10;Element: [[ChromeDriver: chrome on MAC (493b1a8619c40d07d164ce7c95b7aa19)] -&gt; xpath: //a[contains(text(),&apos;Login&apos;)]]&#10;Session ID: 493b1a8619c40d07d164ce7c95b7aa19" type="org.openqa.selenium.ElementClickInterceptedException"><![CDATA[org.openqa.selenium.ElementClickInterceptedException: 
element click intercepted: Element <a href="https://ui.freecrm.com/">...</a> is not clickable at point (940, 30). Other element would receive the click: <div id="preloader" style="opacity: 0.186336;">...</div>
  (Session info: chrome=98.0.4758.102)
Build info: version: '4.1.2', revision: '9a5a329c5a'
System info: host: 'Muralis-MacBook-Pro.local', ip: '2601:1c0:6b01:55e0:0:0:0:93e1%en0', os.name: 'Mac OS X', os.arch: 'x86_64', os.version: '11.5.2', java.version: '1.8.0_321'
Driver info: org.openqa.selenium.chrome.ChromeDriver
Command: [493b1a8619c40d07d164ce7c95b7aa19, clickElement {id=ee82324c-fedb-40d9-a92d-0bc6798341b7}]
Capabilities {acceptInsecureCerts: false, browserName: chrome, browserVersion: 98.0.4758.102, chrome: {chromedriverVersion: 97.0.4692.20 (6559bb085abca..., userDataDir: /var/folders/qy/j_86_fn55qn...}, goog:chromeOptions: {debuggerAddress: localhost:52608}, javascriptEnabled: true, networkConnectionEnabled: false, pageLoadStrategy: normal, platform: MAC, platformName: MAC, proxy: Proxy(), se:cdp: ws://localhost:52608/devtoo..., se:cdpVersion: 98.0.4758.102, setWindowRect: true, strictFileInteractability: false, timeouts: {implicit: 0, pageLoad: 300000, script: 30000}, unhandledPromptBehavior: dismiss and notify, webauthn:extension:credBlob: true, webauthn:extension:largeBlob: true, webauthn:virtualAuthenticators: true}
Element: [[ChromeDriver: chrome on MAC (493b1a8619c40d07d164ce7c95b7aa19)] -> xpath: //a[contains(text(),'Login')]]
Session ID: 493b1a8619c40d07d164ce7c95b7aa19
	at com.crm.qa.Testcases.WelcomePageTest.LogInBtnEnabled(WelcomePageTest.java:40)
]]></failure>
    <system-out><![CDATA[Before navigating to: 'https://freecrm.com/'
Navigated to:'https://freecrm.com/'
Trying to find Element By : By.xpath: //a[contains(text(),'Login')]
Found Element By : By.xpath: //a[contains(text(),'Login')]
Trying to find Element By : By.xpath: //a[contains(text(),'Login')]
Found Element By : By.xpath: //a[contains(text(),'Login')]
Trying to click on: [[ChromeDriver: chrome on MAC (493b1a8619c40d07d164ce7c95b7aa19)] -> xpath: //a[contains(text(),'Login')]]
Exception occured: org.openqa.selenium.ElementClickInterceptedException: element click intercepted: Element <a href="https://ui.freecrm.com/">...</a> is not clickable at point (940, 30). Other element would receive the click: <div id="preloader" style="opacity: 0.186336;">...</div>
  (Session info: chrome=98.0.4758.102)
Build info: version: '4.1.2', revision: '9a5a329c5a'
System info: host: 'Muralis-MacBook-Pro.local', ip: '2601:1c0:6b01:55e0:0:0:0:93e1%en0', os.name: 'Mac OS X', os.arch: 'x86_64', os.version: '11.5.2', java.version: '1.8.0_321'
Driver info: org.openqa.selenium.chrome.ChromeDriver
Command: [493b1a8619c40d07d164ce7c95b7aa19, clickElement {id=ee82324c-fedb-40d9-a92d-0bc6798341b7}]
Capabilities {acceptInsecureCerts: false, browserName: chrome, browserVersion: 98.0.4758.102, chrome: {chromedriverVersion: 97.0.4692.20 (6559bb085abca..., userDataDir: /var/folders/qy/j_86_fn55qn...}, goog:chromeOptions: {debuggerAddress: localhost:52608}, javascriptEnabled: true, networkConnectionEnabled: false, pageLoadStrategy: normal, platform: MAC, platformName: MAC, proxy: Proxy(), se:cdp: ws://localhost:52608/devtoo..., se:cdpVersion: 98.0.4758.102, setWindowRect: true, strictFileInteractability: false, timeouts: {implicit: 0, pageLoad: 300000, script: 30000}, unhandledPromptBehavior: dismiss and notify, webauthn:extension:credBlob: true, webauthn:extension:largeBlob: true, webauthn:virtualAuthenticators: true}
Element: [[ChromeDriver: chrome on MAC (493b1a8619c40d07d164ce7c95b7aa19)] -> xpath: //a[contains(text(),'Login')]]
Session ID: 493b1a8619c40d07d164ce7c95b7aa19
]]></system-out>
    <system-err><![CDATA[Starting ChromeDriver 97.0.4692.20 (6559bb085abcaedffe35d268b3546c43f755151c-refs/branch-heads/4692@{#186}) on port 49182
Only local connections are allowed.
Please see https://chromedriver.chromium.org/security-considerations for suggestions on keeping ChromeDriver safe.
ChromeDriver was started successfully.
[1645425454.673][WARNING]: This version of ChromeDriver has not been tested with Chrome version 98.
Feb 20, 2022 10:37:34 PM org.openqa.selenium.remote.ProtocolHandshake createSession
INFO: Detected dialect: W3C
Feb 20, 2022 10:37:35 PM org.openqa.selenium.devtools.CdpVersionFinder findNearestMatch
WARNING: Unable to find an exact match for CDP version 98, so returning the closest version found: 97
Feb 20, 2022 10:37:35 PM org.openqa.selenium.devtools.CdpVersionFinder findNearestMatch
INFO: Found CDP implementation for version 98 of 97
]]></system-err>
  </testcase>
  <testcase name="setUp" classname="com.crm.qa.Testcases.CalenderPageTest" time="20.826">
    <failure message="element click intercepted: Element &lt;a href=&quot;https://ui.freecrm.com/&quot;&gt;...&lt;/a&gt; is not clickable at point (940, 30). Other element would receive the click: &lt;div id=&quot;preloader&quot;&gt;...&lt;/div&gt;&#10;  (Session info: chrome=98.0.4758.102)&#10;Build info: version: &apos;4.1.2&apos;, revision: &apos;9a5a329c5a&apos;&#10;System info: host: &apos;Muralis-MacBook-Pro.local&apos;, ip: &apos;2601:1c0:6b01:55e0:0:0:0:93e1%en0&apos;, os.name: &apos;Mac OS X&apos;, os.arch: &apos;x86_64&apos;, os.version: &apos;11.5.2&apos;, java.version: &apos;1.8.0_321&apos;&#10;Driver info: org.openqa.selenium.chrome.ChromeDriver&#10;Command: [65cc9cab414b8e206d08b5f41c1b1ad0, clickElement {id=904398e6-e75b-4e2c-beb6-cb24ed473dd8}]&#10;Capabilities {acceptInsecureCerts: false, browserName: chrome, browserVersion: 98.0.4758.102, chrome: {chromedriverVersion: 97.0.4692.20 (6559bb085abca..., userDataDir: /var/folders/qy/j_86_fn55qn...}, goog:chromeOptions: {debuggerAddress: localhost:52653}, javascriptEnabled: true, networkConnectionEnabled: false, pageLoadStrategy: normal, platform: MAC, platformName: MAC, proxy: Proxy(), se:cdp: ws://localhost:52653/devtoo..., se:cdpVersion: 98.0.4758.102, setWindowRect: true, strictFileInteractability: false, timeouts: {implicit: 0, pageLoad: 300000, script: 30000}, unhandledPromptBehavior: dismiss and notify, webauthn:extension:credBlob: true, webauthn:extension:largeBlob: true, webauthn:virtualAuthenticators: true}&#10;Element: [[ChromeDriver: chrome on MAC (65cc9cab414b8e206d08b5f41c1b1ad0)] -&gt; xpath: //a[contains(text(),&apos;Login&apos;)]]&#10;Session ID: 65cc9cab414b8e206d08b5f41c1b1ad0" type="org.openqa.selenium.ElementClickInterceptedException"><![CDATA[org.openqa.selenium.ElementClickInterceptedException: 
element click intercepted: Element <a href="https://ui.freecrm.com/">...</a> is not clickable at point (940, 30). Other element would receive the click: <div id="preloader">...</div>
  (Session info: chrome=98.0.4758.102)
Build info: version: '4.1.2', revision: '9a5a329c5a'
System info: host: 'Muralis-MacBook-Pro.local', ip: '2601:1c0:6b01:55e0:0:0:0:93e1%en0', os.name: 'Mac OS X', os.arch: 'x86_64', os.version: '11.5.2', java.version: '1.8.0_321'
Driver info: org.openqa.selenium.chrome.ChromeDriver
Command: [65cc9cab414b8e206d08b5f41c1b1ad0, clickElement {id=904398e6-e75b-4e2c-beb6-cb24ed473dd8}]
Capabilities {acceptInsecureCerts: false, browserName: chrome, browserVersion: 98.0.4758.102, chrome: {chromedriverVersion: 97.0.4692.20 (6559bb085abca..., userDataDir: /var/folders/qy/j_86_fn55qn...}, goog:chromeOptions: {debuggerAddress: localhost:52653}, javascriptEnabled: true, networkConnectionEnabled: false, pageLoadStrategy: normal, platform: MAC, platformName: MAC, proxy: Proxy(), se:cdp: ws://localhost:52653/devtoo..., se:cdpVersion: 98.0.4758.102, setWindowRect: true, strictFileInteractability: false, timeouts: {implicit: 0, pageLoad: 300000, script: 30000}, unhandledPromptBehavior: dismiss and notify, webauthn:extension:credBlob: true, webauthn:extension:largeBlob: true, webauthn:virtualAuthenticators: true}
Element: [[ChromeDriver: chrome on MAC (65cc9cab414b8e206d08b5f41c1b1ad0)] -> xpath: //a[contains(text(),'Login')]]
Session ID: 65cc9cab414b8e206d08b5f41c1b1ad0
	at com.crm.qa.Testcases.CalenderPageTest.setUp(CalenderPageTest.java:46)
]]></failure>
    <system-out><![CDATA[Before navigating to: 'https://freecrm.com/'
Navigated to:'https://freecrm.com/'
Trying to find Element By : By.xpath: //a[contains(text(),'Login')]
Found Element By : By.xpath: //a[contains(text(),'Login')]
Trying to find Element By : By.xpath: //a[contains(text(),'Login')]
Found Element By : By.xpath: //a[contains(text(),'Login')]
Trying to click on: [[ChromeDriver: chrome on MAC (65cc9cab414b8e206d08b5f41c1b1ad0)] -> xpath: //a[contains(text(),'Login')]]
Exception occured: org.openqa.selenium.ElementClickInterceptedException: element click intercepted: Element <a href="https://ui.freecrm.com/">...</a> is not clickable at point (940, 30). Other element would receive the click: <div id="preloader">...</div>
  (Session info: chrome=98.0.4758.102)
Build info: version: '4.1.2', revision: '9a5a329c5a'
System info: host: 'Muralis-MacBook-Pro.local', ip: '2601:1c0:6b01:55e0:0:0:0:93e1%en0', os.name: 'Mac OS X', os.arch: 'x86_64', os.version: '11.5.2', java.version: '1.8.0_321'
Driver info: org.openqa.selenium.chrome.ChromeDriver
Command: [65cc9cab414b8e206d08b5f41c1b1ad0, clickElement {id=904398e6-e75b-4e2c-beb6-cb24ed473dd8}]
Capabilities {acceptInsecureCerts: false, browserName: chrome, browserVersion: 98.0.4758.102, chrome: {chromedriverVersion: 97.0.4692.20 (6559bb085abca..., userDataDir: /var/folders/qy/j_86_fn55qn...}, goog:chromeOptions: {debuggerAddress: localhost:52653}, javascriptEnabled: true, networkConnectionEnabled: false, pageLoadStrategy: normal, platform: MAC, platformName: MAC, proxy: Proxy(), se:cdp: ws://localhost:52653/devtoo..., se:cdpVersion: 98.0.4758.102, setWindowRect: true, strictFileInteractability: false, timeouts: {implicit: 0, pageLoad: 300000, script: 30000}, unhandledPromptBehavior: dismiss and notify, webauthn:extension:credBlob: true, webauthn:extension:largeBlob: true, webauthn:virtualAuthenticators: true}
Element: [[ChromeDriver: chrome on MAC (65cc9cab414b8e206d08b5f41c1b1ad0)] -> xpath: //a[contains(text(),'Login')]]
Session ID: 65cc9cab414b8e206d08b5f41c1b1ad0
]]></system-out>
    <system-err><![CDATA[Starting ChromeDriver 97.0.4692.20 (6559bb085abcaedffe35d268b3546c43f755151c-refs/branch-heads/4692@{#186}) on port 49899
Only local connections are allowed.
Please see https://chromedriver.chromium.org/security-considerations for suggestions on keeping ChromeDriver safe.
ChromeDriver was started successfully.
[1645425466.832][WARNING]: This version of ChromeDriver has not been tested with Chrome version 98.
Feb 20, 2022 10:37:50 PM org.openqa.selenium.remote.ProtocolHandshake createSession
INFO: Detected dialect: W3C
Feb 20, 2022 10:37:50 PM org.openqa.selenium.devtools.CdpVersionFinder findNearestMatch
WARNING: Unable to find an exact match for CDP version 98, so returning the closest version found: 97
Feb 20, 2022 10:37:50 PM org.openqa.selenium.devtools.CdpVersionFinder findNearestMatch
INFO: Found CDP implementation for version 98 of 97
]]></system-err>
  </testcase>
  <testcase name="setUp" classname="com.crm.qa.Testcases.CalenderPageTest" time="0">
    <skipped/>
  </testcase>
  <testcase name="CalenderCreateBtnTest" classname="com.crm.qa.Testcases.CalenderPageTest" time="0">
    <skipped message="element click intercepted: Element &lt;a href=&quot;https://ui.freecrm.com/&quot;&gt;...&lt;/a&gt; is not clickable at point (940, 30). Other element would receive the click: &lt;div id=&quot;preloader&quot;&gt;...&lt;/div&gt;&#10;  (Session info: chrome=98.0.4758.102)&#10;Build info: version: &apos;4.1.2&apos;, revision: &apos;9a5a329c5a&apos;&#10;System info: host: &apos;Muralis-MacBook-Pro.local&apos;, ip: &apos;2601:1c0:6b01:55e0:0:0:0:93e1%en0&apos;, os.name: &apos;Mac OS X&apos;, os.arch: &apos;x86_64&apos;, os.version: &apos;11.5.2&apos;, java.version: &apos;1.8.0_321&apos;&#10;Driver info: org.openqa.selenium.chrome.ChromeDriver&#10;Command: [65cc9cab414b8e206d08b5f41c1b1ad0, clickElement {id=904398e6-e75b-4e2c-beb6-cb24ed473dd8}]&#10;Capabilities {acceptInsecureCerts: false, browserName: chrome, browserVersion: 98.0.4758.102, chrome: {chromedriverVersion: 97.0.4692.20 (6559bb085abca..., userDataDir: /var/folders/qy/j_86_fn55qn...}, goog:chromeOptions: {debuggerAddress: localhost:52653}, javascriptEnabled: true, networkConnectionEnabled: false, pageLoadStrategy: normal, platform: MAC, platformName: MAC, proxy: Proxy(), se:cdp: ws://localhost:52653/devtoo..., se:cdpVersion: 98.0.4758.102, setWindowRect: true, strictFileInteractability: false, timeouts: {implicit: 0, pageLoad: 300000, script: 30000}, unhandledPromptBehavior: dismiss and notify, webauthn:extension:credBlob: true, webauthn:extension:largeBlob: true, webauthn:virtualAuthenticators: true}&#10;Element: [[ChromeDriver: chrome on MAC (65cc9cab414b8e206d08b5f41c1b1ad0)] -&gt; xpath: //a[contains(text(),&apos;Login&apos;)]]&#10;Session ID: 65cc9cab414b8e206d08b5f41c1b1ad0"/>
  </testcase>
  <testcase name="TearDown" classname="com.crm.qa.Testcases.CalenderPageTest" time="0">
    <skipped/>
  </testcase>
  <testcase name="TearDown" classname="com.crm.qa.Testcases.CalenderPageTest" time="0">
    <skipped/>
  </testcase>
  <testcase name="CalenderPageValidationTest" classname="com.crm.qa.Testcases.CalenderPageTest" time="0">
    <skipped message="element click intercepted: Element &lt;a href=&quot;https://ui.freecrm.com/&quot;&gt;...&lt;/a&gt; is not clickable at point (940, 30). Other element would receive the click: &lt;div id=&quot;preloader&quot;&gt;...&lt;/div&gt;&#10;  (Session info: chrome=98.0.4758.102)&#10;Build info: version: &apos;4.1.2&apos;, revision: &apos;9a5a329c5a&apos;&#10;System info: host: &apos;Muralis-MacBook-Pro.local&apos;, ip: &apos;2601:1c0:6b01:55e0:0:0:0:93e1%en0&apos;, os.name: &apos;Mac OS X&apos;, os.arch: &apos;x86_64&apos;, os.version: &apos;11.5.2&apos;, java.version: &apos;1.8.0_321&apos;&#10;Driver info: org.openqa.selenium.chrome.ChromeDriver&#10;Command: [65cc9cab414b8e206d08b5f41c1b1ad0, clickElement {id=904398e6-e75b-4e2c-beb6-cb24ed473dd8}]&#10;Capabilities {acceptInsecureCerts: false, browserName: chrome, browserVersion: 98.0.4758.102, chrome: {chromedriverVersion: 97.0.4692.20 (6559bb085abca..., userDataDir: /var/folders/qy/j_86_fn55qn...}, goog:chromeOptions: {debuggerAddress: localhost:52653}, javascriptEnabled: true, networkConnectionEnabled: false, pageLoadStrategy: normal, platform: MAC, platformName: MAC, proxy: Proxy(), se:cdp: ws://localhost:52653/devtoo..., se:cdpVersion: 98.0.4758.102, setWindowRect: true, strictFileInteractability: false, timeouts: {implicit: 0, pageLoad: 300000, script: 30000}, unhandledPromptBehavior: dismiss and notify, webauthn:extension:credBlob: true, webauthn:extension:largeBlob: true, webauthn:virtualAuthenticators: true}&#10;Element: [[ChromeDriver: chrome on MAC (65cc9cab414b8e206d08b5f41c1b1ad0)] -&gt; xpath: //a[contains(text(),&apos;Login&apos;)]]&#10;Session ID: 65cc9cab414b8e206d08b5f41c1b1ad0"/>
  </testcase>
</testsuite>